b"event = KeyPress char='s'115 keysym='??' keycode=83:53 state=0 keyinfo=(False,False,False,s)"
b'_process_keyevent <(False,False,False,s)>'
b"readline from keyboard:<(False, False, False, 's'),<bound method BaseMode.self_insert of <EmacsMode>>>"
b"event = KeyPress char='?'0 keysym='??' keycode=38:26 state=100 keyinfo=(False,False,False,up)"
b'_process_keyevent <(False,False,False,up)>'
b"readline from keyboard:<(False, False, False, 'up'),<bound method EmacsMode.history_search_backward of <EmacsMode>>>"
b'get_history_cursor:0'
b'get_history_cursor:0'
b"event = KeyPress char='?'8 keysym='??' keycode=8:8 state=0 keyinfo=(False,False,False,backspace)"
b'_process_keyevent <(False,False,False,backspace)>'
b"readline from keyboard:<(False, False, False, 'backspace'),<bound method BaseMode.backward_delete_char of <EmacsMode>>>"
b"event = KeyPress char='s'115 keysym='??' keycode=83:53 state=0 keyinfo=(False,False,False,s)"
b'_process_keyevent <(False,False,False,s)>'
b"readline from keyboard:<(False, False, False, 's'),<bound method BaseMode.self_insert of <EmacsMode>>>"
b"event = KeyPress char='c'99 keysym='??' keycode=67:43 state=0 keyinfo=(False,False,False,c)"
b'_process_keyevent <(False,False,False,c)>'
b"readline from keyboard:<(False, False, False, 'c'),<bound method BaseMode.self_insert of <EmacsMode>>>"
b"event = KeyPress char='a'97 keysym='??' keycode=65:41 state=0 keyinfo=(False,False,False,a)"
b'_process_keyevent <(False,False,False,a)>'
b"readline from keyboard:<(False, False, False, 'a'),<bound method BaseMode.self_insert of <EmacsMode>>>"
b"event = KeyPress char='n'110 keysym='??' keycode=78:4e state=0 keyinfo=(False,False,False,n)"
b'_process_keyevent <(False,False,False,n)>'
b"readline from keyboard:<(False, False, False, 'n'),<bound method BaseMode.self_insert of <EmacsMode>>>"
b"event = KeyPress char='?'13 keysym='??' keycode=13:d state=0 keyinfo=(False,False,False,return)"
b'_process_keyevent <(False,False,False,return)>'
b"readline from keyboard:<(False, False, False, 'return'),<bound method BaseMode.accept_line of <EmacsMode>>>"
b'set_history_cursor: old:0 new:1'
b'returning(scan)'
b"event = KeyPress char='o'111 keysym='??' keycode=79:4f state=0 keyinfo=(False,False,False,o)"
b'_process_keyevent <(False,False,False,o)>'
b"readline from keyboard:<(False, False, False, 'o'),<bound method BaseMode.self_insert of <EmacsMode>>>"
b"event = KeyPress char='?'8 keysym='??' keycode=8:8 state=0 keyinfo=(False,False,False,backspace)"
b'_process_keyevent <(False,False,False,backspace)>'
b"readline from keyboard:<(False, False, False, 'backspace'),<bound method BaseMode.backward_delete_char of <EmacsMode>>>"
b"event = KeyPress char='o'111 keysym='??' keycode=79:4f state=0 keyinfo=(False,False,False,o)"
b'_process_keyevent <(False,False,False,o)>'
b"readline from keyboard:<(False, False, False, 'o'),<bound method BaseMode.self_insert of <EmacsMode>>>"
b"event = KeyPress char='?'32 keysym='??' keycode=32:20 state=0 keyinfo=(False,False,False,space)"
b'_process_keyevent <(False,False,False,space)>'
b"readline from keyboard:<(False, False, False, 'space'),<bound method BaseMode.self_insert of <EmacsMode>>>"
b"event = KeyPress char='t'116 keysym='??' keycode=84:54 state=0 keyinfo=(False,False,False,t)"
b'_process_keyevent <(False,False,False,t)>'
b"readline from keyboard:<(False, False, False, 't'),<bound method BaseMode.self_insert of <EmacsMode>>>"
b"event = KeyPress char='e'101 keysym='??' keycode=69:45 state=0 keyinfo=(False,False,False,e)"
b'_process_keyevent <(False,False,False,e)>'
b"readline from keyboard:<(False, False, False, 'e'),<bound method BaseMode.self_insert of <EmacsMode>>>"
b"event = KeyPress char='r'114 keysym='??' keycode=82:52 state=0 keyinfo=(False,False,False,r)"
b'_process_keyevent <(False,False,False,r)>'
b"readline from keyboard:<(False, False, False, 'r'),<bound method BaseMode.self_insert of <EmacsMode>>>"
b"event = KeyPress char='m'109 keysym='??' keycode=77:4d state=0 keyinfo=(False,False,False,m)"
b'_process_keyevent <(False,False,False,m)>'
b"readline from keyboard:<(False, False, False, 'm'),<bound method BaseMode.self_insert of <EmacsMode>>>"
b"event = KeyPress char='u'117 keysym='??' keycode=85:55 state=0 keyinfo=(False,False,False,u)"
b'_process_keyevent <(False,False,False,u)>'
b"readline from keyboard:<(False, False, False, 'u'),<bound method BaseMode.self_insert of <EmacsMode>>>"
b"event = KeyPress char='x'120 keysym='??' keycode=88:58 state=0 keyinfo=(False,False,False,x)"
b'_process_keyevent <(False,False,False,x)>'
b"readline from keyboard:<(False, False, False, 'x'),<bound method BaseMode.self_insert of <EmacsMode>>>"
b"event = KeyPress char='_'95 keysym='??' keycode=189:bd state=10 keyinfo=(False,False,True,_)"
b'_process_keyevent <(False,False,True,_)>'
b"readline from keyboard:<(False, False, True, '_'),<bound method BaseMode.self_insert of <EmacsMode>>>"
b"event = KeyPress char='d'100 keysym='??' keycode=68:44 state=0 keyinfo=(False,False,False,d)"
b'_process_keyevent <(False,False,False,d)>'
b"readline from keyboard:<(False, False, False, 'd'),<bound method BaseMode.self_insert of <EmacsMode>>>"
b"event = KeyPress char='a'97 keysym='??' keycode=65:41 state=0 keyinfo=(False,False,False,a)"
b'_process_keyevent <(False,False,False,a)>'
b"readline from keyboard:<(False, False, False, 'a'),<bound method BaseMode.self_insert of <EmacsMode>>>"
b"event = KeyPress char='t'116 keysym='??' keycode=84:54 state=0 keyinfo=(False,False,False,t)"
b'_process_keyevent <(False,False,False,t)>'
b"readline from keyboard:<(False, False, False, 't'),<bound method BaseMode.self_insert of <EmacsMode>>>"
b"event = KeyPress char='a'97 keysym='??' keycode=65:41 state=0 keyinfo=(False,False,False,a)"
b'_process_keyevent <(False,False,False,a)>'
b"readline from keyboard:<(False, False, False, 'a'),<bound method BaseMode.self_insert of <EmacsMode>>>"
b"event = KeyPress char='?'13 keysym='??' keycode=13:d state=0 keyinfo=(False,False,False,return)"
b'_process_keyevent <(False,False,False,return)>'
b"readline from keyboard:<(False, False, False, 'return'),<bound method BaseMode.accept_line of <EmacsMode>>>"
b'set_history_cursor: old:1 new:2'
b'returning(o termux_data)'
b"event = KeyPress char='?'4 keysym='??' keycode=68:44 state=8 keyinfo=(True,False,False,D)"
b'_process_keyevent <(True,False,False,D)>'
b'exit_dispatch:<ReadLineTextBuffer("[]",point=0,mark=-1,selection_mark=-1), 0>'
b'EOF error => CTRL + D'
b'STOPING LOG'
