action: GLOB, msg: packaging
cwd: /home/stefano/Develop/Python/easyshare
cmd: /home/stefano/.virtualenvs/easyshare/bin/python setup.py sdist --formats=zip --dist-dir .tox/dist
setup.py prefix: /home/stefano/.virtualenvs/easyshare
running sdist
running egg_info
writing easyshare.egg-info/PKG-INFO
writing dependency_links to easyshare.egg-info/dependency_links.txt
writing entry points to easyshare.egg-info/entry_points.txt
writing requirements to easyshare.egg-info/requires.txt
writing top-level names to easyshare.egg-info/top_level.txt
reading manifest file 'easyshare.egg-info/SOURCES.txt'
reading manifest template 'MANIFEST.in'
warning: no files found matching 'easyshare/res/helps/mans.json'
writing manifest file 'easyshare.egg-info/SOURCES.txt'
warning: sdist: standard file not found: should have one of README, README.rst, README.txt, README.md

running check
creating easyshare-0.1
creating easyshare-0.1/devscripts
creating easyshare-0.1/docs
creating easyshare-0.1/docs/sphinx
creating easyshare-0.1/docs/sphinx/build
creating easyshare-0.1/docs/sphinx/build/man
creating easyshare-0.1/easyshare
creating easyshare-0.1/easyshare.egg-info
creating easyshare-0.1/easyshare/consts
creating easyshare-0.1/easyshare/devtests
creating easyshare-0.1/easyshare/es
creating easyshare-0.1/easyshare/es/connections
creating easyshare-0.1/easyshare/esd
creating easyshare-0.1/easyshare/esd/daemons
creating easyshare-0.1/easyshare/esd/services
creating easyshare-0.1/easyshare/esd/services/transfer
creating easyshare-0.1/easyshare/helps
creating easyshare-0.1/easyshare/protocol
creating easyshare-0.1/easyshare/res
creating easyshare-0.1/easyshare/res/helps
creating easyshare-0.1/easyshare/tools
creating easyshare-0.1/easyshare/utils
creating easyshare-0.1/easyshare/utils/pyro
creating easyshare-0.1/tests
copying files to easyshare-0.1...
copying LICENSE -> easyshare-0.1
copying MANIFEST.in -> easyshare-0.1
copying README.MD -> easyshare-0.1
copying TODO -> easyshare-0.1
copying setup.py -> easyshare-0.1
copying devscripts/make_helps.py -> easyshare-0.1/devscripts
copying docs/sphinx/build/man/es-tools.1 -> easyshare-0.1/docs/sphinx/build/man
copying docs/sphinx/build/man/es.1 -> easyshare-0.1/docs/sphinx/build/man
copying docs/sphinx/build/man/esd.1 -> easyshare-0.1/docs/sphinx/build/man
copying easyshare/__init__.py -> easyshare-0.1/easyshare
copying easyshare/args.py -> easyshare-0.1/easyshare
copying easyshare/auth.py -> easyshare-0.1/easyshare
copying easyshare/common.py -> easyshare-0.1/easyshare
copying easyshare/conf.py -> easyshare-0.1/easyshare
copying easyshare/endpoint.py -> easyshare-0.1/easyshare
copying easyshare/logging.py -> easyshare-0.1/easyshare
copying easyshare/progress.py -> easyshare-0.1/easyshare
copying easyshare/sockets.py -> easyshare-0.1/easyshare
copying easyshare/ssl.py -> easyshare-0.1/easyshare
copying easyshare/styling.py -> easyshare-0.1/easyshare
copying easyshare/timer.py -> easyshare-0.1/easyshare
copying easyshare/tracing.py -> easyshare-0.1/easyshare
copying easyshare/tree.py -> easyshare-0.1/easyshare
copying easyshare.egg-info/PKG-INFO -> easyshare-0.1/easyshare.egg-info
copying easyshare.egg-info/SOURCES.txt -> easyshare-0.1/easyshare.egg-info
copying easyshare.egg-info/dependency_links.txt -> easyshare-0.1/easyshare.egg-info
copying easyshare.egg-info/entry_points.txt -> easyshare-0.1/easyshare.egg-info
copying easyshare.egg-info/requires.txt -> easyshare-0.1/easyshare.egg-info
copying easyshare.egg-info/top_level.txt -> easyshare-0.1/easyshare.egg-info
copying easyshare/consts/__init__.py -> easyshare-0.1/easyshare/consts
copying easyshare/consts/ansi.py -> easyshare-0.1/easyshare/consts
copying easyshare/consts/net.py -> easyshare-0.1/easyshare/consts
copying easyshare/consts/os.py -> easyshare-0.1/easyshare/consts
copying easyshare/consts/units.py -> easyshare-0.1/easyshare/consts
copying easyshare/devtests/__init__.py -> easyshare-0.1/easyshare/devtests
copying easyshare/devtests/args.py -> easyshare-0.1/easyshare/devtests
copying easyshare/devtests/auth.py -> easyshare-0.1/easyshare/devtests
copying easyshare/devtests/cert.py -> easyshare-0.1/easyshare/devtests
copying easyshare/devtests/colors.py -> easyshare-0.1/easyshare/devtests
copying easyshare/devtests/decdepth.py -> easyshare-0.1/easyshare/devtests
copying easyshare/devtests/decorators.py -> easyshare-0.1/easyshare/devtests
copying easyshare/devtests/inspect.py -> easyshare-0.1/easyshare/devtests
copying easyshare/devtests/md5.py -> easyshare-0.1/easyshare/devtests
copying easyshare/devtests/pyroc.py -> easyshare-0.1/easyshare/devtests
copying easyshare/devtests/pyroc5.py -> easyshare-0.1/easyshare/devtests
copying easyshare/devtests/pyroc5async.py -> easyshare-0.1/easyshare/devtests
copying easyshare/devtests/pyros.py -> easyshare-0.1/easyshare/devtests
copying easyshare/devtests/pyros5.py -> easyshare-0.1/easyshare/devtests
copying easyshare/devtests/pyros5async.py -> easyshare-0.1/easyshare/devtests
copying easyshare/devtests/sh.py -> easyshare-0.1/easyshare/devtests
copying easyshare/devtests/sslclient.py -> easyshare-0.1/easyshare/devtests
copying easyshare/devtests/sslclientpro.py -> easyshare-0.1/easyshare/devtests
copying easyshare/devtests/sslserver.py -> easyshare-0.1/easyshare/devtests
copying easyshare/devtests/sslserverpro.py -> easyshare-0.1/easyshare/devtests
copying easyshare/devtests/stdin.py -> easyshare-0.1/easyshare/devtests
copying easyshare/devtests/sync.py -> easyshare-0.1/easyshare/devtests
copying easyshare/devtests/tcpclient.py -> easyshare-0.1/easyshare/devtests
copying easyshare/devtests/tcpserver.py -> easyshare-0.1/easyshare/devtests
copying easyshare/devtests/test.py -> easyshare-0.1/easyshare/devtests
copying easyshare/devtests/udpclient.py -> easyshare-0.1/easyshare/devtests
copying easyshare/devtests/udpserver.py -> easyshare-0.1/easyshare/devtests
copying easyshare/es/__init__.py -> easyshare-0.1/easyshare/es
copying easyshare/es/__main__.py -> easyshare-0.1/easyshare/es
copying easyshare/es/client.py -> easyshare-0.1/easyshare/es
copying easyshare/es/common.py -> easyshare-0.1/easyshare/es
copying easyshare/es/discover.py -> easyshare-0.1/easyshare/es
copying easyshare/es/errors.py -> easyshare-0.1/easyshare/es
copying easyshare/es/shell.py -> easyshare-0.1/easyshare/es
copying easyshare/es/ui.py -> easyshare-0.1/easyshare/es
copying easyshare/es/connections/__init__.py -> easyshare-0.1/easyshare/es/connections
copying easyshare/es/connections/server.py -> easyshare-0.1/easyshare/es/connections
copying easyshare/es/connections/sharing.py -> easyshare-0.1/easyshare/es/connections
copying easyshare/esd/__init__.py -> easyshare-0.1/easyshare/esd
copying easyshare/esd/__main__.py -> easyshare-0.1/easyshare/esd
copying easyshare/esd/common.py -> easyshare-0.1/easyshare/esd
copying easyshare/esd/server.py -> easyshare-0.1/easyshare/esd
copying easyshare/esd/daemons/__init__.py -> easyshare-0.1/easyshare/esd/daemons
copying easyshare/esd/daemons/discover.py -> easyshare-0.1/easyshare/esd/daemons
copying easyshare/esd/daemons/server.py -> easyshare-0.1/easyshare/esd/daemons
copying easyshare/esd/daemons/transfer.py -> easyshare-0.1/easyshare/esd/daemons
copying easyshare/esd/services/__init__.py -> easyshare-0.1/easyshare/esd/services
copying easyshare/esd/services/rexec.py -> easyshare-0.1/easyshare/esd/services
copying easyshare/esd/services/sharing.py -> easyshare-0.1/easyshare/esd/services
copying easyshare/esd/services/transfer/__init__.py -> easyshare-0.1/easyshare/esd/services/transfer
copying easyshare/esd/services/transfer/get.py -> easyshare-0.1/easyshare/esd/services/transfer
copying easyshare/esd/services/transfer/put.py -> easyshare-0.1/easyshare/esd/services/transfer
copying easyshare/helps/__init__.py -> easyshare-0.1/easyshare/helps
copying easyshare/helps/commands.py -> easyshare-0.1/easyshare/helps
copying easyshare/helps/es.py -> easyshare-0.1/easyshare/helps
copying easyshare/helps/esd.py -> easyshare-0.1/easyshare/helps
copying easyshare/helps/estools.py -> easyshare-0.1/easyshare/helps
copying easyshare/protocol/__init__.py -> easyshare-0.1/easyshare/protocol
copying easyshare/protocol/responses.py -> easyshare-0.1/easyshare/protocol
copying easyshare/protocol/types.py -> easyshare-0.1/easyshare/protocol
copying easyshare/res/__init__.py -> easyshare-0.1/easyshare/res
copying easyshare/res/esd.conf -> easyshare-0.1/easyshare/res
copying easyshare/res/helps/__init__.py -> easyshare-0.1/easyshare/res/helps
copying easyshare/res/helps/usages.json -> easyshare-0.1/easyshare/res/helps
copying easyshare/tools/__init__.py -> easyshare-0.1/easyshare/tools
copying easyshare/tools/__main__.py -> easyshare-0.1/easyshare/tools
copying easyshare/utils/__init__.py -> easyshare-0.1/easyshare/utils
copying easyshare/utils/asserts.py -> easyshare-0.1/easyshare/utils
copying easyshare/utils/crypt.py -> easyshare-0.1/easyshare/utils
copying easyshare/utils/env.py -> easyshare-0.1/easyshare/utils
copying easyshare/utils/helpmarkdown.py -> easyshare-0.1/easyshare/utils
copying easyshare/utils/inspection.py -> easyshare-0.1/easyshare/utils
copying easyshare/utils/json.py -> easyshare-0.1/easyshare/utils
copying easyshare/utils/mathematics.py -> easyshare-0.1/easyshare/utils
copying easyshare/utils/measures.py -> easyshare-0.1/easyshare/utils
copying easyshare/utils/net.py -> easyshare-0.1/easyshare/utils
copying easyshare/utils/obj.py -> easyshare-0.1/easyshare/utils
copying easyshare/utils/os.py -> easyshare-0.1/easyshare/utils
copying easyshare/utils/rand.py -> easyshare-0.1/easyshare/utils
copying easyshare/utils/resources.py -> easyshare-0.1/easyshare/utils
copying easyshare/utils/ssl.py -> easyshare-0.1/easyshare/utils
copying easyshare/utils/str.py -> easyshare-0.1/easyshare/utils
copying easyshare/utils/types.py -> easyshare-0.1/easyshare/utils
copying easyshare/utils/pyro/__init__.py -> easyshare-0.1/easyshare/utils/pyro
copying easyshare/utils/pyro/client.py -> easyshare-0.1/easyshare/utils/pyro
copying easyshare/utils/pyro/server.py -> easyshare-0.1/easyshare/utils/pyro
copying tests/__init__.py -> easyshare-0.1/tests
copying tests/test_args.py -> easyshare-0.1/tests
copying tests/test_auth.py -> easyshare-0.1/tests
copying tests/test_hmd.py -> easyshare-0.1/tests
copying tests/test_str.py -> easyshare-0.1/tests
Writing easyshare-0.1/setup.cfg
creating '.tox/dist/easyshare-0.1.zip' and adding 'easyshare-0.1' to it
adding 'easyshare-0.1'
adding 'easyshare-0.1/easyshare.egg-info'
adding 'easyshare-0.1/docs'
adding 'easyshare-0.1/devscripts'
adding 'easyshare-0.1/tests'
adding 'easyshare-0.1/easyshare'
adding 'easyshare-0.1/TODO'
adding 'easyshare-0.1/LICENSE'
adding 'easyshare-0.1/README.MD'
adding 'easyshare-0.1/setup.py'
adding 'easyshare-0.1/PKG-INFO'
adding 'easyshare-0.1/MANIFEST.in'
adding 'easyshare-0.1/setup.cfg'
adding 'easyshare-0.1/easyshare.egg-info/SOURCES.txt'
adding 'easyshare-0.1/easyshare.egg-info/requires.txt'
adding 'easyshare-0.1/easyshare.egg-info/PKG-INFO'
adding 'easyshare-0.1/easyshare.egg-info/entry_points.txt'
adding 'easyshare-0.1/easyshare.egg-info/dependency_links.txt'
adding 'easyshare-0.1/easyshare.egg-info/top_level.txt'
adding 'easyshare-0.1/docs/sphinx'
adding 'easyshare-0.1/docs/sphinx/build'
adding 'easyshare-0.1/docs/sphinx/build/man'
adding 'easyshare-0.1/docs/sphinx/build/man/es.1'
adding 'easyshare-0.1/docs/sphinx/build/man/es-tools.1'
adding 'easyshare-0.1/docs/sphinx/build/man/esd.1'
adding 'easyshare-0.1/devscripts/make_helps.py'
adding 'easyshare-0.1/tests/test_auth.py'
adding 'easyshare-0.1/tests/__init__.py'
adding 'easyshare-0.1/tests/test_hmd.py'
adding 'easyshare-0.1/tests/test_args.py'
adding 'easyshare-0.1/tests/test_str.py'
adding 'easyshare-0.1/easyshare/protocol'
adding 'easyshare-0.1/easyshare/esd'
adding 'easyshare-0.1/easyshare/utils'
adding 'easyshare-0.1/easyshare/res'
adding 'easyshare-0.1/easyshare/es'
adding 'easyshare-0.1/easyshare/helps'
adding 'easyshare-0.1/easyshare/tools'
adding 'easyshare-0.1/easyshare/consts'
adding 'easyshare-0.1/easyshare/devtests'
adding 'easyshare-0.1/easyshare/timer.py'
adding 'easyshare-0.1/easyshare/logging.py'
adding 'easyshare-0.1/easyshare/tracing.py'
adding 'easyshare-0.1/easyshare/tree.py'
adding 'easyshare-0.1/easyshare/ssl.py'
adding 'easyshare-0.1/easyshare/progress.py'
adding 'easyshare-0.1/easyshare/__init__.py'
adding 'easyshare-0.1/easyshare/endpoint.py'
adding 'easyshare-0.1/easyshare/styling.py'
adding 'easyshare-0.1/easyshare/args.py'
adding 'easyshare-0.1/easyshare/common.py'
adding 'easyshare-0.1/easyshare/conf.py'
adding 'easyshare-0.1/easyshare/auth.py'
adding 'easyshare-0.1/easyshare/sockets.py'
adding 'easyshare-0.1/easyshare/protocol/__init__.py'
adding 'easyshare-0.1/easyshare/protocol/responses.py'
adding 'easyshare-0.1/easyshare/protocol/types.py'
adding 'easyshare-0.1/easyshare/esd/services'
adding 'easyshare-0.1/easyshare/esd/daemons'
adding 'easyshare-0.1/easyshare/esd/__init__.py'
adding 'easyshare-0.1/easyshare/esd/__main__.py'
adding 'easyshare-0.1/easyshare/esd/common.py'
adding 'easyshare-0.1/easyshare/esd/server.py'
adding 'easyshare-0.1/easyshare/esd/services/transfer'
adding 'easyshare-0.1/easyshare/esd/services/rexec.py'
adding 'easyshare-0.1/easyshare/esd/services/__init__.py'
adding 'easyshare-0.1/easyshare/esd/services/sharing.py'
adding 'easyshare-0.1/easyshare/esd/services/transfer/put.py'
adding 'easyshare-0.1/easyshare/esd/services/transfer/get.py'
adding 'easyshare-0.1/easyshare/esd/services/transfer/__init__.py'
adding 'easyshare-0.1/easyshare/esd/daemons/__init__.py'
adding 'easyshare-0.1/easyshare/esd/daemons/discover.py'
adding 'easyshare-0.1/easyshare/esd/daemons/server.py'
adding 'easyshare-0.1/easyshare/esd/daemons/transfer.py'
adding 'easyshare-0.1/easyshare/utils/pyro'
adding 'easyshare-0.1/easyshare/utils/obj.py'
adding 'easyshare-0.1/easyshare/utils/str.py'
adding 'easyshare-0.1/easyshare/utils/json.py'
adding 'easyshare-0.1/easyshare/utils/mathematics.py'
adding 'easyshare-0.1/easyshare/utils/ssl.py'
adding 'easyshare-0.1/easyshare/utils/crypt.py'
adding 'easyshare-0.1/easyshare/utils/env.py'
adding 'easyshare-0.1/easyshare/utils/__init__.py'
adding 'easyshare-0.1/easyshare/utils/measures.py'
adding 'easyshare-0.1/easyshare/utils/helpmarkdown.py'
adding 'easyshare-0.1/easyshare/utils/net.py'
adding 'easyshare-0.1/easyshare/utils/rand.py'
adding 'easyshare-0.1/easyshare/utils/resources.py'
adding 'easyshare-0.1/easyshare/utils/inspection.py'
adding 'easyshare-0.1/easyshare/utils/os.py'
adding 'easyshare-0.1/easyshare/utils/asserts.py'
adding 'easyshare-0.1/easyshare/utils/types.py'
adding 'easyshare-0.1/easyshare/utils/pyro/client.py'
adding 'easyshare-0.1/easyshare/utils/pyro/__init__.py'
adding 'easyshare-0.1/easyshare/utils/pyro/server.py'
adding 'easyshare-0.1/easyshare/res/helps'
adding 'easyshare-0.1/easyshare/res/__init__.py'
adding 'easyshare-0.1/easyshare/res/esd.conf'
adding 'easyshare-0.1/easyshare/res/helps/usages.json'
adding 'easyshare-0.1/easyshare/res/helps/__init__.py'
adding 'easyshare-0.1/easyshare/es/connections'
adding 'easyshare-0.1/easyshare/es/shell.py'
adding 'easyshare-0.1/easyshare/es/client.py'
adding 'easyshare-0.1/easyshare/es/errors.py'
adding 'easyshare-0.1/easyshare/es/ui.py'
adding 'easyshare-0.1/easyshare/es/__init__.py'
adding 'easyshare-0.1/easyshare/es/__main__.py'
adding 'easyshare-0.1/easyshare/es/discover.py'
adding 'easyshare-0.1/easyshare/es/common.py'
adding 'easyshare-0.1/easyshare/es/connections/__init__.py'
adding 'easyshare-0.1/easyshare/es/connections/server.py'
adding 'easyshare-0.1/easyshare/es/connections/sharing.py'
adding 'easyshare-0.1/easyshare/helps/es.py'
adding 'easyshare-0.1/easyshare/helps/__init__.py'
adding 'easyshare-0.1/easyshare/helps/estools.py'
adding 'easyshare-0.1/easyshare/helps/commands.py'
adding 'easyshare-0.1/easyshare/helps/esd.py'
adding 'easyshare-0.1/easyshare/tools/__init__.py'
adding 'easyshare-0.1/easyshare/tools/__main__.py'
adding 'easyshare-0.1/easyshare/consts/ansi.py'
adding 'easyshare-0.1/easyshare/consts/__init__.py'
adding 'easyshare-0.1/easyshare/consts/net.py'
adding 'easyshare-0.1/easyshare/consts/units.py'
adding 'easyshare-0.1/easyshare/consts/os.py'
adding 'easyshare-0.1/easyshare/devtests/udpserver.py'
adding 'easyshare-0.1/easyshare/devtests/sslclient.py'
adding 'easyshare-0.1/easyshare/devtests/sslclientpro.py'
adding 'easyshare-0.1/easyshare/devtests/pyros5.py'
adding 'easyshare-0.1/easyshare/devtests/pyroc5.py'
adding 'easyshare-0.1/easyshare/devtests/colors.py'
adding 'easyshare-0.1/easyshare/devtests/udpclient.py'
adding 'easyshare-0.1/easyshare/devtests/decdepth.py'
adding 'easyshare-0.1/easyshare/devtests/__init__.py'
adding 'easyshare-0.1/easyshare/devtests/sslserver.py'
adding 'easyshare-0.1/easyshare/devtests/pyroc5async.py'
adding 'easyshare-0.1/easyshare/devtests/tcpserver.py'
adding 'easyshare-0.1/easyshare/devtests/args.py'
adding 'easyshare-0.1/easyshare/devtests/tcpclient.py'
adding 'easyshare-0.1/easyshare/devtests/cert.py'
adding 'easyshare-0.1/easyshare/devtests/inspect.py'
adding 'easyshare-0.1/easyshare/devtests/md5.py'
adding 'easyshare-0.1/easyshare/devtests/decorators.py'
adding 'easyshare-0.1/easyshare/devtests/stdin.py'
adding 'easyshare-0.1/easyshare/devtests/auth.py'
adding 'easyshare-0.1/easyshare/devtests/sh.py'
adding 'easyshare-0.1/easyshare/devtests/pyros5async.py'
adding 'easyshare-0.1/easyshare/devtests/sync.py'
adding 'easyshare-0.1/easyshare/devtests/test.py'
adding 'easyshare-0.1/easyshare/devtests/sslserverpro.py'
adding 'easyshare-0.1/easyshare/devtests/pyroc.py'
adding 'easyshare-0.1/easyshare/devtests/pyros.py'
removing 'easyshare-0.1' (and everything under it)
